<?xml version="1.0" encoding="UTF-8"?>
<testsuite name="academy.digitallab.store.product.ProductServiceMockTest" tests="1" skipped="0" failures="0" errors="0" timestamp="2023-04-12T06:00:22" hostname="DESKTOP-75UQT2N" time="0.046">
  <properties/>
  <testcase name="whenValidUpdateStock_ThenReturnNewStock()" classname="academy.digitallab.store.product.ProductServiceMockTest" time="0.046"/>
  <system-out><![CDATA[03:00:19.174 [Test worker] DEBUG org.springframework.test.context.BootstrapUtils - Instantiating CacheAwareContextLoaderDelegate from class [org.springframework.test.context.cache.DefaultCacheAwareContextLoaderDelegate]
03:00:19.182 [Test worker] DEBUG org.springframework.test.context.BootstrapUtils - Instantiating BootstrapContext using constructor [public org.springframework.test.context.support.DefaultBootstrapContext(java.lang.Class,org.springframework.test.context.CacheAwareContextLoaderDelegate)]
03:00:19.199 [Test worker] DEBUG org.springframework.test.context.BootstrapUtils - Instantiating TestContextBootstrapper for test class [academy.digitallab.store.product.ProductServiceMockTest] from class [org.springframework.boot.test.context.SpringBootTestContextBootstrapper]
03:00:19.208 [Test worker] INFO org.springframework.boot.test.context.SpringBootTestContextBootstrapper - Neither @ContextConfiguration nor @ContextHierarchy found for test class [academy.digitallab.store.product.ProductServiceMockTest], using SpringBootContextLoader
03:00:19.211 [Test worker] DEBUG org.springframework.test.context.support.AbstractContextLoader - Did not detect default resource location for test class [academy.digitallab.store.product.ProductServiceMockTest]: class path resource [academy/digitallab/store/product/ProductServiceMockTest-context.xml] does not exist
03:00:19.211 [Test worker] DEBUG org.springframework.test.context.support.AbstractContextLoader - Did not detect default resource location for test class [academy.digitallab.store.product.ProductServiceMockTest]: class path resource [academy/digitallab/store/product/ProductServiceMockTestContext.groovy] does not exist
03:00:19.211 [Test worker] INFO org.springframework.test.context.support.AbstractContextLoader - Could not detect default resource locations for test class [academy.digitallab.store.product.ProductServiceMockTest]: no resource found for suffixes {-context.xml, Context.groovy}.
03:00:19.212 [Test worker] INFO org.springframework.test.context.support.AnnotationConfigContextLoaderUtils - Could not detect default configuration classes for test class [academy.digitallab.store.product.ProductServiceMockTest]: ProductServiceMockTest does not declare any static, non-private, non-final, nested classes annotated with @Configuration.
03:00:19.237 [Test worker] DEBUG org.springframework.test.context.support.ActiveProfilesUtils - Could not find an 'annotation declaring class' for annotation type [org.springframework.test.context.ActiveProfiles] and class [academy.digitallab.store.product.ProductServiceMockTest]
03:00:19.289 [Test worker] DEBUG org.springframework.context.annotation.ClassPathScanningCandidateComponentProvider - Identified candidate component class: file [C:\Users\User\Downloads\Microservicio\product-service\build\classes\java\main\academy\digitallab\store\product\ProductServiceApplication.class]
03:00:19.290 [Test worker] INFO org.springframework.boot.test.context.SpringBootTestContextBootstrapper - Found @SpringBootConfiguration academy.digitallab.store.product.ProductServiceApplication for test class academy.digitallab.store.product.ProductServiceMockTest
03:00:19.350 [Test worker] DEBUG org.springframework.boot.test.context.SpringBootTestContextBootstrapper - @TestExecutionListeners is not present for class [academy.digitallab.store.product.ProductServiceMockTest]: using defaults.
03:00:19.350 [Test worker] INFO org.springframework.boot.test.context.SpringBootTestContextBootstrapper - Loaded default TestExecutionListener class names from location [META-INF/spring.factories]: [org.springframework.boot.test.autoconfigure.restdocs.RestDocsTestExecutionListener, org.springframework.boot.test.autoconfigure.web.client.MockRestServiceServerResetTestExecutionListener, org.springframework.boot.test.autoconfigure.web.servlet.MockMvcPrintOnlyOnFailureTestExecutionListener, org.springframework.boot.test.autoconfigure.web.servlet.WebDriverTestExecutionListener, org.springframework.boot.test.mock.mockito.MockitoTestExecutionListener, org.springframework.boot.test.mock.mockito.ResetMocksTestExecutionListener, org.springframework.test.context.web.ServletTestExecutionListener, org.springframework.test.context.support.DirtiesContextBeforeModesTestExecutionListener, org.springframework.test.context.support.DependencyInjectionTestExecutionListener, org.springframework.test.context.support.DirtiesContextTestExecutionListener, org.springframework.test.context.transaction.TransactionalTestExecutionListener, org.springframework.test.context.jdbc.SqlScriptsTestExecutionListener, org.springframework.test.context.event.EventPublishingTestExecutionListener]
03:00:19.360 [Test worker] INFO org.springframework.boot.test.context.SpringBootTestContextBootstrapper - Using TestExecutionListeners: [org.springframework.test.context.web.ServletTestExecutionListener@78867606, org.springframework.test.context.support.DirtiesContextBeforeModesTestExecutionListener@77d5d12c, org.springframework.boot.test.mock.mockito.MockitoTestExecutionListener@59dc0629, org.springframework.boot.test.autoconfigure.SpringBootDependencyInjectionTestExecutionListener@448f1ad6, org.springframework.test.context.support.DirtiesContextTestExecutionListener@f726207, org.springframework.test.context.transaction.TransactionalTestExecutionListener@56779e74, org.springframework.test.context.jdbc.SqlScriptsTestExecutionListener@6fa327dd, org.springframework.test.context.event.EventPublishingTestExecutionListener@53c6c955, org.springframework.boot.test.autoconfigure.restdocs.RestDocsTestExecutionListener@4fb8eb70, org.springframework.boot.test.autoconfigure.web.client.MockRestServiceServerResetTestExecutionListener@255648cd, org.springframework.boot.test.autoconfigure.web.servlet.MockMvcPrintOnlyOnFailureTestExecutionListener@533d0e75, org.springframework.boot.test.autoconfigure.web.servlet.WebDriverTestExecutionListener@3654e926, org.springframework.boot.test.mock.mockito.ResetMocksTestExecutionListener@3ebf77f7]
03:00:19.363 [Test worker] DEBUG org.springframework.test.context.support.AbstractDirtiesContextTestExecutionListener - Before test class: context [DefaultTestContext@36c758e6 testClass = ProductServiceMockTest, testInstance = [null], testMethod = [null], testException = [null], mergedContextConfiguration = [WebMergedContextConfiguration@b590cf5 testClass = ProductServiceMockTest, locations = '{}', classes = '{class academy.digitallab.store.product.ProductServiceApplication}', contextInitializerClasses = '[]', activeProfiles = '{}', propertySourceLocations = '{}', propertySourceProperties = '{org.springframework.boot.test.context.SpringBootTestContextBootstrapper=true}', contextCustomizers = set[org.springframework.boot.test.autoconfigure.properties.PropertyMappingContextCustomizer@0, org.springframework.boot.test.autoconfigure.web.servlet.WebDriverContextCustomizerFactory$Customizer@4f410451, org.springframework.boot.test.context.filter.ExcludeFilterContextCustomizer@1842da34, org.springframework.boot.test.json.DuplicateJsonObjectContextCustomizerFactory$DuplicateJsonObjectContextCustomizer@25ff710e, org.springframework.boot.test.mock.mockito.MockitoContextCustomizer@0, org.springframework.boot.test.web.client.TestRestTemplateContextCustomizer@acf85e], resourceBasePath = 'src/main/webapp', contextLoader = 'org.springframework.boot.test.context.SpringBootContextLoader', parent = [null]], attributes = map['org.springframework.test.context.web.ServletTestExecutionListener.activateListener' -> true]], class annotated with @DirtiesContext [false] with mode [null].
03:00:19.380 [Test worker] DEBUG org.springframework.test.context.support.TestPropertySourceUtils - Adding inlined properties to environment: {spring.jmx.enabled=false, org.springframework.boot.test.context.SpringBootTestContextBootstrapper=true, server.port=-1}

  .   ____          _            __ _ _
 /\\ / ___'_ __ _ _(_)_ __  __ _ \ \ \ \
( ( )\___ | '_ | '_| | '_ \/ _` | \ \ \ \
 \\/  ___)| |_)| | | | | || (_| |  ) ) ) )
  '  |____| .__|_| |_|_| |_\__, | / / / /
 =========|_|==============|___/=/_/_/_/
 :: Spring Boot ::        (v2.2.5.RELEASE)

2023-04-12 03:00:19 - INFO Starting ProductServiceMockTest on DESKTOP-75UQT2N with PID 66104 (started by User in C:\Users\User\Downloads\Microservicio\product-service)
2023-04-12 03:00:19 - INFO No active profile set, falling back to default profiles: default
2023-04-12 03:00:19 - INFO Bootstrapping Spring Data JPA repositories in DEFAULT mode.
2023-04-12 03:00:19 - INFO Finished Spring Data repository scanning in 36ms. Found 1 JPA repository interfaces.
2023-04-12 03:00:20 - INFO HHH000204: Processing PersistenceUnitInfo [name: default]
2023-04-12 03:00:20 - INFO HHH000412: Hibernate ORM core version 5.4.12.Final
2023-04-12 03:00:20 - INFO HCANN000001: Hibernate Commons Annotations {5.1.0.Final}
2023-04-12 03:00:20 - INFO HikariPool-1 - Starting...
2023-04-12 03:00:20 - INFO HikariPool-1 - Start completed.
2023-04-12 03:00:20 - INFO HHH000400: Using dialect: org.hibernate.dialect.H2Dialect
Hibernate: create table tbl_categories (id bigint generated by default as identity, name varchar(255), primary key (id))
Hibernate: create table tbl_products (id bigint generated by default as identity, create_at timestamp, description varchar(255), name varchar(255), price double, status varchar(255), stock double, category_id bigint not null, primary key (id))
Hibernate: alter table tbl_products add constraint FKoft8x2nisdbe0wmrjeyo9nhwv foreign key (category_id) references tbl_categories
2023-04-12 03:00:21 - INFO HHH000490: Using JtaPlatform implementation: [org.hibernate.engine.transaction.jta.platform.internal.NoJtaPlatform]
2023-04-12 03:00:21 - INFO Initialized JPA EntityManagerFactory for persistence unit 'default'
2023-04-12 03:00:21 - WARN spring.jpa.open-in-view is enabled by default. Therefore, database queries may be performed during view rendering. Explicitly configure spring.jpa.open-in-view to disable this warning
2023-04-12 03:00:21 - INFO Initializing ExecutorService 'applicationTaskExecutor'
2023-04-12 03:00:21 - INFO H2 console available at '/h2-console'. Database available at 'jdbc:h2:mem:productDB'
2023-04-12 03:00:21 - INFO Started ProductServiceMockTest in 2.529 seconds (JVM running for 3.386)
]]></system-out>
  <system-err><![CDATA[]]></system-err>
</testsuite>
